J:\3D2_Project\DV1222 - Lab3 - Rasmus Tilljander\Debug\DV1222 - Lab3 - Rasmus Tilljander.exe
J:\3D2_Project\DV1222 - Lab3 - Rasmus Tilljander\Debug\DV1222 - Lab3 - Rasmus Tilljander.ilk
J:\3D2_PROJECT\DV1222 - LAB3 - RASMUS TILLJANDER\DEBUG\DV1222 - LAB3 - RASMUS TILLJANDER.PDB
J:\3D2_PROJECT\DV1222 - LAB3 - RASMUS TILLJANDER\DV1222 - LAB3 - RASMUS TILLJANDER\DEBUG\CAMERA.OBJ
J:\3D2_Project\DV1222 - Lab3 - Rasmus Tilljander\DV1222 - Lab3 - Rasmus Tilljander\Debug\cl.command.1.tlog
J:\3D2_Project\DV1222 - Lab3 - Rasmus Tilljander\DV1222 - Lab3 - Rasmus Tilljander\Debug\CL.read.1.tlog
J:\3D2_Project\DV1222 - Lab3 - Rasmus Tilljander\DV1222 - Lab3 - Rasmus Tilljander\Debug\CL.write.1.tlog
J:\3D2_PROJECT\DV1222 - LAB3 - RASMUS TILLJANDER\DV1222 - LAB3 - RASMUS TILLJANDER\DEBUG\DRAWABLETEX2D.OBJ
J:\3D2_Project\DV1222 - Lab3 - Rasmus Tilljander\DV1222 - Lab3 - Rasmus Tilljander\Debug\DV1222 - Lab3 - Rasmus Tilljander.exe.intermediate.manifest
J:\3D2_PROJECT\DV1222 - LAB3 - RASMUS TILLJANDER\DV1222 - LAB3 - RASMUS TILLJANDER\DEBUG\GAMETIMER.OBJ
J:\3D2_PROJECT\DV1222 - LAB3 - RASMUS TILLJANDER\DV1222 - LAB3 - RASMUS TILLJANDER\DEBUG\GENERALOBJECT.OBJ
J:\3D2_Project\DV1222 - Lab3 - Rasmus Tilljander\DV1222 - Lab3 - Rasmus Tilljander\Debug\link.command.1.tlog
J:\3D2_Project\DV1222 - Lab3 - Rasmus Tilljander\DV1222 - Lab3 - Rasmus Tilljander\Debug\link.read.1.tlog
J:\3D2_Project\DV1222 - Lab3 - Rasmus Tilljander\DV1222 - Lab3 - Rasmus Tilljander\Debug\link.write.1.tlog
J:\3D2_PROJECT\DV1222 - LAB3 - RASMUS TILLJANDER\DV1222 - LAB3 - RASMUS TILLJANDER\DEBUG\MAIN.OBJ
J:\3D2_Project\DV1222 - Lab3 - Rasmus Tilljander\DV1222 - Lab3 - Rasmus Tilljander\Debug\mt.command.1.tlog
J:\3D2_Project\DV1222 - Lab3 - Rasmus Tilljander\DV1222 - Lab3 - Rasmus Tilljander\Debug\mt.read.1.tlog
J:\3D2_Project\DV1222 - Lab3 - Rasmus Tilljander\DV1222 - Lab3 - Rasmus Tilljander\Debug\mt.write.1.tlog
J:\3D2_PROJECT\DV1222 - LAB3 - RASMUS TILLJANDER\DV1222 - LAB3 - RASMUS TILLJANDER\DEBUG\OBJECT.OBJ
J:\3D2_PROJECT\DV1222 - LAB3 - RASMUS TILLJANDER\DV1222 - LAB3 - RASMUS TILLJANDER\DEBUG\OBJECTBOX.OBJ
J:\3D2_PROJECT\DV1222 - LAB3 - RASMUS TILLJANDER\DV1222 - LAB3 - RASMUS TILLJANDER\DEBUG\OBJECTFACTORY.OBJ
J:\3D2_PROJECT\DV1222 - LAB3 - RASMUS TILLJANDER\DV1222 - LAB3 - RASMUS TILLJANDER\DEBUG\OBJECTLOADER.OBJ
J:\3D2_PROJECT\DV1222 - LAB3 - RASMUS TILLJANDER\DV1222 - LAB3 - RASMUS TILLJANDER\DEBUG\PARTICLEHANDLER.OBJ
J:\3D2_PROJECT\DV1222 - LAB3 - RASMUS TILLJANDER\DV1222 - LAB3 - RASMUS TILLJANDER\DEBUG\PARTICLESYSTEM.OBJ
J:\3D2_PROJECT\DV1222 - LAB3 - RASMUS TILLJANDER\DV1222 - LAB3 - RASMUS TILLJANDER\DEBUG\RAIN.OBJ
J:\3D2_PROJECT\DV1222 - LAB3 - RASMUS TILLJANDER\DV1222 - LAB3 - RASMUS TILLJANDER\DEBUG\RENDERER.OBJ
J:\3D2_PROJECT\DV1222 - LAB3 - RASMUS TILLJANDER\DV1222 - LAB3 - RASMUS TILLJANDER\DEBUG\RESOURCELOADER.OBJ
J:\3D2_PROJECT\DV1222 - LAB3 - RASMUS TILLJANDER\DV1222 - LAB3 - RASMUS TILLJANDER\DEBUG\SCREEN.OBJ
J:\3D2_PROJECT\DV1222 - LAB3 - RASMUS TILLJANDER\DV1222 - LAB3 - RASMUS TILLJANDER\DEBUG\SHADEROBJECT.OBJ
J:\3D2_PROJECT\DV1222 - LAB3 - RASMUS TILLJANDER\DV1222 - LAB3 - RASMUS TILLJANDER\DEBUG\SUN.OBJ
J:\3D2_PROJECT\DV1222 - LAB3 - RASMUS TILLJANDER\DV1222 - LAB3 - RASMUS TILLJANDER\DEBUG\TREE.OBJ
J:\3D2_Project\DV1222 - Lab3 - Rasmus Tilljander\DV1222 - Lab3 - Rasmus Tilljander\Debug\vc100.idb
J:\3D2_PROJECT\DV1222 - LAB3 - RASMUS TILLJANDER\DV1222 - LAB3 - RASMUS TILLJANDER\DEBUG\VC100.PDB
J:\3D2_PROJECT\DV1222 - LAB3 - RASMUS TILLJANDER\DV1222 - LAB3 - RASMUS TILLJANDER\DEBUG\WORLDHANDLER.OBJ
