Build started 2012-12-19 13:42:47.
     1>Project "J:\3D2_Project\DV1222 - Lab3 - Rasmus Tilljander\DV1222 - Lab3 - Rasmus Tilljander\DV1222 - Lab3 - Rasmus Tilljander.vcxproj" on node 2 (build target(s)).
     1>InitializeBuildStatus:
         Touching "Release\DV1222 - Lab3 - Rasmus Tilljander.unsuccessfulbuild".
       ClCompile:
         C:\Program Files (x86)\Microsoft Visual Studio 10.0\VC\bin\CL.exe /c /I"C:\Program Files (x86)\Microsoft DirectX SDK (June 2010)\Include" /Zi /nologo /W3 /WX- /O2 /Oi /Oy- /GL /D _MBCS /Gm- /EHsc /MD /GS /Gy /fp:precise /Zc:wchar_t /Zc:forScope /Fo"Release\\" /Fd"Release\vc100.pdb" /Gd /TP /analyze- /errorReport:prompt Camera.cpp GameTimer.cpp Main.cpp Object.cpp ObjectLoader.cpp ParticleHandler.cpp ParticleSystem.cpp Rain.cpp Renderer.cpp ResourceLoader.cpp Screen.cpp ShaderObject.cpp Sun.cpp Tree.cpp WorldHandler.cpp
         Camera.cpp
         GameTimer.cpp
         Main.cpp
     1>Main.cpp(130): warning C4244: '=' : conversion from 'LONG' to 'float', possible loss of data
     1>Main.cpp(131): warning C4244: '=' : conversion from 'LONG' to 'float', possible loss of data
     1>Main.cpp(133): warning C4244: 'argument' : conversion from 'double' to 'float', possible loss of data
     1>Main.cpp(134): warning C4244: 'argument' : conversion from 'double' to 'float', possible loss of data
         Object.cpp
         ObjectLoader.cpp
     1>ObjectLoader.cpp(44): warning C4996: 'sscanf': This function or variable may be unsafe. Consider using sscanf_s instead. To disable deprecation, use _CRT_SECURE_NO_WARNINGS. See online help for details.
                 C:\Program Files (x86)\Microsoft Visual Studio 10.0\VC\include\stdio.h(325) : see declaration of 'sscanf'
     1>ObjectLoader.cpp(47): warning C4996: 'sscanf': This function or variable may be unsafe. Consider using sscanf_s instead. To disable deprecation, use _CRT_SECURE_NO_WARNINGS. See online help for details.
                 C:\Program Files (x86)\Microsoft Visual Studio 10.0\VC\include\stdio.h(325) : see declaration of 'sscanf'
     1>ObjectLoader.cpp(57): warning C4996: 'sscanf': This function or variable may be unsafe. Consider using sscanf_s instead. To disable deprecation, use _CRT_SECURE_NO_WARNINGS. See online help for details.
                 C:\Program Files (x86)\Microsoft Visual Studio 10.0\VC\include\stdio.h(325) : see declaration of 'sscanf'
     1>ObjectLoader.cpp(60): warning C4996: 'sscanf': This function or variable may be unsafe. Consider using sscanf_s instead. To disable deprecation, use _CRT_SECURE_NO_WARNINGS. See online help for details.
                 C:\Program Files (x86)\Microsoft Visual Studio 10.0\VC\include\stdio.h(325) : see declaration of 'sscanf'
     1>ObjectLoader.cpp(69): warning C4996: 'sscanf': This function or variable may be unsafe. Consider using sscanf_s instead. To disable deprecation, use _CRT_SECURE_NO_WARNINGS. See online help for details.
                 C:\Program Files (x86)\Microsoft Visual Studio 10.0\VC\include\stdio.h(325) : see declaration of 'sscanf'
     1>ObjectLoader.cpp(72): warning C4996: 'sscanf': This function or variable may be unsafe. Consider using sscanf_s instead. To disable deprecation, use _CRT_SECURE_NO_WARNINGS. See online help for details.
                 C:\Program Files (x86)\Microsoft Visual Studio 10.0\VC\include\stdio.h(325) : see declaration of 'sscanf'
     1>ObjectLoader.cpp(80): warning C4996: 'sscanf': This function or variable may be unsafe. Consider using sscanf_s instead. To disable deprecation, use _CRT_SECURE_NO_WARNINGS. See online help for details.
                 C:\Program Files (x86)\Microsoft Visual Studio 10.0\VC\include\stdio.h(325) : see declaration of 'sscanf'
     1>ObjectLoader.cpp(83): warning C4996: 'sscanf': This function or variable may be unsafe. Consider using sscanf_s instead. To disable deprecation, use _CRT_SECURE_NO_WARNINGS. See online help for details.
                 C:\Program Files (x86)\Microsoft Visual Studio 10.0\VC\include\stdio.h(325) : see declaration of 'sscanf'
     1>ObjectLoader.cpp(110): warning C4018: '<' : signed/unsigned mismatch
     1>ObjectLoader.cpp(112): warning C4244: 'argument' : conversion from 'float' to 'unsigned int', possible loss of data
     1>ObjectLoader.cpp(113): warning C4244: 'argument' : conversion from 'float' to 'unsigned int', possible loss of data
     1>ObjectLoader.cpp(114): warning C4244: 'argument' : conversion from 'float' to 'unsigned int', possible loss of data
         ParticleHandler.cpp
         ParticleSystem.cpp
         Rain.cpp
         Renderer.cpp
         ResourceLoader.cpp
         Screen.cpp
         ShaderObject.cpp
         Sun.cpp
         Tree.cpp
         WorldHandler.cpp
       Link:
         C:\Program Files (x86)\Microsoft Visual Studio 10.0\VC\bin\link.exe /ERRORREPORT:PROMPT /OUT:"J:\3D2_Project\DV1222 - Lab3 - Rasmus Tilljander\Release\DV1222 - Lab3 - Rasmus Tilljander.exe" /NOLOGO d3d10.lib d3dx10.lib DxErr.lib kernel32.lib user32.lib gdi32.lib winspool.lib comdlg32.lib advapi32.lib shell32.lib ole32.lib oleaut32.lib uuid.lib odbc32.lib odbccp32.lib kernel32.lib user32.lib gdi32.lib winspool.lib comdlg32.lib advapi32.lib shell32.lib ole32.lib oleaut32.lib uuid.lib odbc32.lib odbccp32.lib /MANIFEST /ManifestFile:"Release\DV1222 - Lab3 - Rasmus Tilljander.exe.intermediate.manifest" /MANIFESTUAC:"level='asInvoker' uiAccess='false'" /DEBUG /PDB:"J:\3D2_Project\DV1222 - Lab3 - Rasmus Tilljander\Release\DV1222 - Lab3 - Rasmus Tilljander.pdb" /OPT:REF /OPT:ICF /LTCG /TLBID:1 /DYNAMICBASE /NXCOMPAT /IMPLIB:"J:\3D2_Project\DV1222 - Lab3 - Rasmus Tilljander\Release\DV1222 - Lab3 - Rasmus Tilljander.lib" /MACHINE:X86 Release\Camera.obj
         Release\GameTimer.obj
         Release\Main.obj
         Release\Object.obj
         Release\ObjectLoader.obj
         Release\ParticleHandler.obj
         Release\ParticleSystem.obj
         Release\Rain.obj
         Release\Renderer.obj
         Release\ResourceLoader.obj
         Release\Screen.obj
         Release\ShaderObject.obj
         Release\Sun.obj
         Release\Tree.obj
         Release\WorldHandler.obj
         Generating code
         Finished generating code
         DV1222 - Lab3 - Rasmus Tilljander.vcxproj -> J:\3D2_Project\DV1222 - Lab3 - Rasmus Tilljander\Release\DV1222 - Lab3 - Rasmus Tilljander.exe
       Manifest:
         C:\Program Files (x86)\Microsoft SDKs\Windows\v7.0A\bin\mt.exe /nologo /verbose /outputresource:"J:\3D2_Project\DV1222 - Lab3 - Rasmus Tilljander\Release\DV1222 - Lab3 - Rasmus Tilljander.exe;#1" /manifest "Release\DV1222 - Lab3 - Rasmus Tilljander.exe.intermediate.manifest"
       FinalizeBuildStatus:
         Deleting file "Release\DV1222 - Lab3 - Rasmus Tilljander.unsuccessfulbuild".
         Touching "Release\DV1222 - Lab3 - Rasmus Tilljander.lastbuildstate".
     1>Done Building Project "J:\3D2_Project\DV1222 - Lab3 - Rasmus Tilljander\DV1222 - Lab3 - Rasmus Tilljander\DV1222 - Lab3 - Rasmus Tilljander.vcxproj" (build target(s)).

Build succeeded.

Time Elapsed 00:00:24.80
